{"/Users/kohei/code/kohei-s/flashcards/src/features/study/studyEngine.ts": {"path":"/Users/kohei/code/kohei-s/flashcards/src/features/study/studyEngine.ts","statementMap":{"0":{"start":{"line":8,"column":8},"end":{"line":8,"column":null}},"1":{"start":{"line":9,"column":2},"end":{"line":16,"column":null}},"2":{"start":{"line":20,"column":2},"end":{"line":25,"column":null}},"3":{"start":{"line":29,"column":20},"end":{"line":29,"column":null}},"4":{"start":{"line":30,"column":16},"end":{"line":30,"column":null}},"5":{"start":{"line":31,"column":24},"end":{"line":33,"column":null}},"6":{"start":{"line":34,"column":2},"end":{"line":40,"column":null}},"7":{"start":{"line":44,"column":2},"end":{"line":44,"column":null}}},"fnMap":{"0":{"name":"createSession","decl":{"start":{"line":4,"column":16},"end":{"line":4,"column":null}},"loc":{"start":{"line":7,"column":16},"end":{"line":17,"column":null}},"line":7},"1":{"name":"markCorrect","decl":{"start":{"line":19,"column":16},"end":{"line":19,"column":28}},"loc":{"start":{"line":19,"column":63},"end":{"line":26,"column":null}},"line":19},"2":{"name":"markWrong","decl":{"start":{"line":28,"column":16},"end":{"line":28,"column":26}},"loc":{"start":{"line":28,"column":61},"end":{"line":41,"column":null}},"line":28},"3":{"name":"isSessionComplete","decl":{"start":{"line":43,"column":16},"end":{"line":43,"column":34}},"loc":{"start":{"line":43,"column":64},"end":{"line":45,"column":null}},"line":43}},"branchMap":{"0":{"loc":{"start":{"line":10,"column":19},"end":{"line":10,"column":null}},"type":"binary-expr","locations":[{"start":{"line":10,"column":19},"end":{"line":10,"column":34}},{"start":{"line":10,"column":34},"end":{"line":10,"column":null}}],"line":10},"1":{"loc":{"start":{"line":22,"column":19},"end":{"line":22,"column":null}},"type":"binary-expr","locations":[{"start":{"line":22,"column":19},"end":{"line":22,"column":46}},{"start":{"line":22,"column":46},"end":{"line":22,"column":null}}],"line":22},"2":{"loc":{"start":{"line":31,"column":24},"end":{"line":33,"column":null}},"type":"cond-expr","locations":[{"start":{"line":32,"column":6},"end":{"line":32,"column":null}},{"start":{"line":33,"column":6},"end":{"line":33,"column":null}}],"line":31}},"s":{"0":21,"1":21,"2":9,"3":9,"4":9,"5":9,"6":9,"7":4},"f":{"0":21,"1":9,"2":9,"3":4},"b":{"0":[21,1],"1":[9,3],"2":[1,8]},"meta":{"lastBranch":3,"lastFunction":4,"lastStatement":8,"seen":{"f:4:16:4:Infinity":0,"s:8:8:8:Infinity":0,"s:9:2:16:Infinity":1,"b:10:19:10:34:10:34:10:Infinity":0,"f:19:16:19:28":1,"s:20:2:25:Infinity":2,"b:22:19:22:46:22:46:22:Infinity":1,"f:28:16:28:26":2,"s:29:20:29:Infinity":3,"s:30:16:30:Infinity":4,"s:31:24:33:Infinity":5,"b:32:6:32:Infinity:33:6:33:Infinity":2,"s:34:2:40:Infinity":6,"f:43:16:43:34":3,"s:44:2:44:Infinity":7}}}
}
